<?xml version="1.0" encoding="UTF-8"?>
<!-- Generated by org.testng.reporters.JUnitReportReporter -->
<testsuite hostname="DESKTOP-KFIML1H" failures="0" tests="3" name="pompage.RegisterUser" time="15.840" errors="0" timestamp="2024-01-10T17:24:56 IST" skipped="0">
  <testcase classname="pompage.RegisterUser" name="loginToApp" time="15.377"/>
  <system-out/>
  <testcase classname="pompage.RegisterUser" name="registerUser" time="0.220"/>
  <system-out/>
  <testcase classname="pompage.RegisterUser" name="fillRegistrationForm" time="0.243"/>
  <system-out/>
</testsuite> <!-- pompage.RegisterUser -->
