<?xml version="1.0" encoding="UTF-8"?>
<!-- Generated by org.testng.reporters.JUnitReportReporter -->
<testsuite hostname="DESKTOP-KFIML1H" failures="0" tests="1" name="testngdiscussion.TestCase" time="0.026" errors="0" timestamp="2023-12-27T12:12:02 IST" skipped="0">
  <testcase classname="testngdiscussion.TestCase" name="testcase1" time="0.026"/>
  <system-out/>
</testsuite> <!-- testngdiscussion.TestCase -->
