<?xml version="1.0" encoding="UTF-8"?>
<!-- Generated by org.testng.reporters.JUnitReportReporter -->
<testsuite hostname="DESKTOP-KFIML1H" failures="0" tests="1" name="webtable.HandlingWebTable" time="18.086" errors="0" timestamp="2024-01-09T16:05:55 IST" skipped="0">
  <testcase classname="webtable.HandlingWebTable" name="printElementOfWebTable" time="18.086"/>
  <system-out/>
</testsuite> <!-- webtable.HandlingWebTable -->
