<?xml version="1.0" encoding="UTF-8"?>
<!-- Generated by org.testng.reporters.JUnitReportReporter -->
<testsuite hostname="DESKTOP-KFIML1H" failures="0" tests="1" name="testngdiscussion.ExecutingClassesInParallel2" time="18.393" errors="0" timestamp="2024-01-06T13:59:28 IST" skipped="0">
  <testcase classname="testngdiscussion.ExecutingClassesInParallel2" name="launchChrome" time="18.393"/>
  <system-out/>
</testsuite> <!-- testngdiscussion.ExecutingClassesInParallel2 -->
