<?xml version="1.0" encoding="UTF-8"?>
<!-- Generated by org.testng.reporters.JUnitReportReporter -->
<testsuite hostname="DESKTOP-KFIML1H" failures="0" tests="3" name="rahulsheetytest.RegisterTest" time="3.370" errors="0" timestamp="2024-01-18T14:28:01 IST" skipped="0">
  <testcase classname="rahulsheetytest.RegisterTest" name="clickOnRegister" time="0.345"/>
  <system-out/>
  <testcase classname="rahulsheetytest.RegisterTest" name="fillingUserDetails" time="2.613"/>
  <system-out/>
  <testcase classname="rahulsheetytest.RegisterTest" name="clickOnLogin" time="0.412"/>
  <system-out/>
</testsuite> <!-- rahulsheetytest.RegisterTest -->
