<?xml version="1.0" encoding="UTF-8"?>
<!-- Generated by org.testng.reporters.JUnitReportReporter -->
<testsuite hostname="DESKTOP-KFIML1H" failures="0" tests="1" name="rahulsheetytest.LoginTest" time="0.674" errors="0" timestamp="2024-01-18T14:28:01 IST" skipped="0">
  <testcase classname="rahulsheetytest.LoginTest" name="userLogin" time="0.674"/>
  <system-out/>
</testsuite> <!-- rahulsheetytest.LoginTest -->
