<?xml version="1.0" encoding="UTF-8"?>
<!-- Generated by org.testng.reporters.JUnitReportReporter -->
<testsuite hostname="DESKTOP-KFIML1H" failures="0" tests="4" name="testngdiscussion.ExecutingTeseCasesParallel" time="0.166" errors="0" timestamp="2024-01-04T14:40:29 IST" skipped="0">
  <testcase classname="testngdiscussion.ExecutingTeseCasesParallel" name="testCase2" time="0.041"/>
  <system-out/>
  <testcase classname="testngdiscussion.ExecutingTeseCasesParallel" name="testCase1" time="0.042"/>
  <system-out/>
  <testcase classname="testngdiscussion.ExecutingTeseCasesParallel" name="testCase3" time="0.042"/>
  <system-out/>
  <testcase classname="testngdiscussion.ExecutingTeseCasesParallel" name="testCase4" time="0.041"/>
  <system-out/>
</testsuite> <!-- testngdiscussion.ExecutingTeseCasesParallel -->
