<?xml version="1.0" encoding="UTF-8"?>
<!-- Generated by org.testng.reporters.JUnitReportReporter -->
<testsuite hostname="DESKTOP-KFIML1H" failures="0" tests="4" name="testngdiscussion.InvocationCountKeyword" time="0.034" errors="0" timestamp="2023-12-28T19:12:32 IST" skipped="0">
  <testcase classname="testngdiscussion.InvocationCountKeyword" name="testcase2" time="0.004"/>
  <system-out/>
  <testcase classname="testngdiscussion.InvocationCountKeyword" name="testcase1" time="0.006"/>
  <system-out/>
  <testcase classname="testngdiscussion.InvocationCountKeyword" name="testcase1" time="0.005"/>
  <system-out/>
  <testcase classname="testngdiscussion.InvocationCountKeyword" name="testcase1" time="0.019"/>
  <system-out/>
</testsuite> <!-- testngdiscussion.InvocationCountKeyword -->
