<?xml version="1.0" encoding="UTF-8"?>
<!-- Generated by org.testng.reporters.JUnitReportReporter -->
<testsuite hostname="DESKTOP-KFIML1H" failures="0" tests="4" name="testngdiscussion.FacebookTestCase" time="0.041" errors="0" timestamp="2023-12-28T18:56:06 IST" skipped="0">
  <testcase classname="testngdiscussion.FacebookTestCase" name="profile" time="0.020"/>
  <system-out/>
  <testcase classname="testngdiscussion.FacebookTestCase" name="login" time="0.009"/>
  <system-out/>
  <testcase classname="testngdiscussion.FacebookTestCase" name="home" time="0.005"/>
  <system-out/>
  <testcase classname="testngdiscussion.FacebookTestCase" name="logout" time="0.007"/>
  <system-out/>
</testsuite> <!-- testngdiscussion.FacebookTestCase -->
