<?xml version="1.0" encoding="UTF-8"?>
<!-- Generated by org.testng.reporters.JUnitReportReporter -->
<testsuite hostname="DESKTOP-KFIML1H" failures="0" tests="2" name="pompage.LoginTest" time="18.457" errors="0" timestamp="2024-01-10T17:24:56 IST" skipped="0">
  <testcase classname="pompage.LoginTest" name="loginToApp" time="18.245"/>
  <system-out/>
  <testcase classname="pompage.LoginTest" name="registerUser" time="0.212"/>
  <system-out/>
</testsuite> <!-- pompage.LoginTest -->
