<?xml version="1.0" encoding="UTF-8"?>
<!-- Generated by org.testng.reporters.JUnitReportReporter -->
<testsuite hostname="DESKTOP-KFIML1H" failures="0" tests="2" name="testngdiscussion.HomePageTest" time="0.031" errors="0" timestamp="2023-12-30T13:07:46 IST" skipped="0">
  <testcase classname="testngdiscussion.HomePageTest" name="verifyUrl" time="0.007"/>
  <system-out/>
  <testcase classname="testngdiscussion.HomePageTest" name="validateCarousel" time="0.024"/>
  <system-out/>
</testsuite> <!-- testngdiscussion.HomePageTest -->
