<?xml version="1.0" encoding="UTF-8"?>
<!-- Generated by org.testng.reporters.JUnitReportReporter -->
<testsuite hostname="DESKTOP-KFIML1H" failures="0" tests="2" name="testclasses.LoginTest" time="0.546" errors="0" timestamp="2024-01-18T11:54:34 IST" skipped="0">
  <testcase classname="testclasses.LoginTest" name="validateTitle" time="0.021"/>
  <system-out/>
  <testcase classname="testclasses.LoginTest" name="loginToApp" time="0.525"/>
  <system-out/>
</testsuite> <!-- testclasses.LoginTest -->
