<?xml version="1.0" encoding="UTF-8"?>
<!-- Generated by org.testng.reporters.JUnitReportReporter -->
<testsuite hostname="DESKTOP-KFIML1H" failures="0" tests="3" name="testngdiscussion.ExecutingClassesInParallel1" time="0.033" errors="0" timestamp="2024-01-06T13:59:28 IST" skipped="0">
  <testcase classname="testngdiscussion.ExecutingClassesInParallel1" name="testCase1" time="0.021"/>
  <system-out/>
  <testcase classname="testngdiscussion.ExecutingClassesInParallel1" name="testCase3" time="0.008"/>
  <system-out/>
  <testcase classname="testngdiscussion.ExecutingClassesInParallel1" name="testCase2" time="0.004"/>
  <system-out/>
</testsuite> <!-- testngdiscussion.ExecutingClassesInParallel1 -->
