<?xml version="1.0" encoding="UTF-8"?>
<!-- Generated by org.testng.reporters.JUnitReportReporter -->
<testsuite hostname="DESKTOP-KFIML1H" failures="0" tests="3" name="testngdiscussion.GroupingOfTestCase" time="0.045" errors="0" timestamp="2024-01-02T23:27:05 IST" skipped="0">
  <testcase classname="testngdiscussion.GroupingOfTestCase" name="login" time="0.013"/>
  <system-out/>
  <testcase classname="testngdiscussion.GroupingOfTestCase" name="profile" time="0.008"/>
  <system-out/>
  <testcase classname="testngdiscussion.GroupingOfTestCase" name="home" time="0.024"/>
  <system-out/>
</testsuite> <!-- testngdiscussion.GroupingOfTestCase -->
