<?xml version="1.0" encoding="UTF-8"?>
<!-- Generated by org.testng.reporters.JUnitReportReporter -->
<testsuite hostname="DESKTOP-KFIML1H" failures="0" tests="1" name="testngdiscussion.GroupingOfTeseCase2" time="0.004" errors="0" timestamp="2024-01-02T23:27:05 IST" skipped="0">
  <testcase classname="testngdiscussion.GroupingOfTeseCase2" name="titleValidation" time="0.004"/>
  <system-out/>
</testsuite> <!-- testngdiscussion.GroupingOfTeseCase2 -->
