<?xml version="1.0" encoding="UTF-8"?>
<!-- Generated by org.testng.reporters.JUnitReportReporter -->
<testsuite hostname="DESKTOP-KFIML1H" failures="0" tests="2" name="testngdiscussion.AnnotationsInTestNG" time="0.037" errors="0" timestamp="2023-12-30T13:15:38 IST" skipped="0">
  <testcase classname="testngdiscussion.AnnotationsInTestNG" name="profile" time="0.015"/>
  <system-out/>
  <testcase classname="testngdiscussion.AnnotationsInTestNG" name="login" time="0.022"/>
  <system-out/>
</testsuite> <!-- testngdiscussion.AnnotationsInTestNG -->
