<?xml version="1.0" encoding="UTF-8"?>
<!-- Generated by org.testng.reporters.JUnitReportReporter -->
<testsuite hostname="DESKTOP-KFIML1H" failures="0" tests="3" name="testngdiscussion.IncludeAndExcludeTeseCaseFromClass" time="0.028" errors="0" timestamp="2024-01-02T23:58:51 IST" skipped="0">
  <testcase classname="testngdiscussion.IncludeAndExcludeTeseCaseFromClass" name="logout" time="0.005"/>
  <system-out/>
  <testcase classname="testngdiscussion.IncludeAndExcludeTeseCaseFromClass" name="home" time="0.018"/>
  <system-out/>
  <testcase classname="testngdiscussion.IncludeAndExcludeTeseCaseFromClass" name="profile" time="0.005"/>
  <system-out/>
</testsuite> <!-- testngdiscussion.IncludeAndExcludeTeseCaseFromClass -->
