<?xml version="1.0" encoding="UTF-8"?>
<!-- Generated by org.testng.reporters.JUnitReportReporter -->
<testsuite hostname="DESKTOP-KFIML1H" failures="0" tests="2" name="testngdiscussion.LoginPage" time="0.012" errors="0" timestamp="2023-12-30T13:07:46 IST" skipped="0">
  <testcase classname="testngdiscussion.LoginPage" name="getTitle" time="0.007"/>
  <system-out/>
  <testcase classname="testngdiscussion.LoginPage" name="loginToApp" time="0.005"/>
  <system-out/>
</testsuite> <!-- testngdiscussion.LoginPage -->
